0 info it worked if it ends with ok
1 verbose cli [ '/usr/bin/nodejs', '/usr/bin/npm', 'run', 'babel' ]
2 info using npm@4.1.2
3 info using node@v7.5.0
4 verbose stack Error: Failed to parse json
4 verbose stack Unexpected token 'e' at 6:17
4 verbose stack     "presets": [es2015]
4 verbose stack                 ^
4 verbose stack     at parseError (/usr/lib/node_modules/npm/node_modules/read-package-json/read-json.js:390:11)
4 verbose stack     at parseJson (/usr/lib/node_modules/npm/node_modules/read-package-json/read-json.js:79:23)
4 verbose stack     at /usr/lib/node_modules/npm/node_modules/read-package-json/read-json.js:48:5
4 verbose stack     at /usr/lib/node_modules/npm/node_modules/graceful-fs/graceful-fs.js:78:16
4 verbose stack     at tryToString (fs.js:426:3)
4 verbose stack     at FSReqWrap.readFileAfterClose [as oncomplete] (fs.js:413:12)
5 verbose cwd /media/DADOS/GITHUB/jogoJS
6 error Linux 4.10.0-041000rc6-generic
7 error argv "/usr/bin/nodejs" "/usr/bin/npm" "run" "babel"
8 error node v7.5.0
9 error npm  v4.1.2
10 error file /media/DADOS/GITHUB/jogoJS/package.json
11 error code EJSONPARSE
12 error Failed to parse json
12 error Unexpected token 'e' at 6:17
12 error     "presets": [es2015]
12 error                 ^
13 error File: /media/DADOS/GITHUB/jogoJS/package.json
14 error Failed to parse package.json data.
14 error package.json must be actual JSON, not just JavaScript.
14 error
14 error This is not a bug in npm.
14 error Tell the package author to fix their package.json file. JSON.parse
15 verbose exit [ 1, true ]
